\BOOKMARK [0][-]{chapter*.1}{Acknowledgement}{}% 1
\BOOKMARK [0][-]{chapter*.2}{Abstract}{}% 2
\BOOKMARK [0][-]{chapter.1}{Introduction}{}% 3
\BOOKMARK [0][-]{chapter.2}{Basics of CFT}{}% 4
\BOOKMARK [1][-]{section.2.1}{Conformal Symmetry}{chapter.2}% 5
\BOOKMARK [1][-]{section.2.2}{Conformal Algebra}{chapter.2}% 6
\BOOKMARK [1][-]{section.2.3}{Algebra action on operators}{chapter.2}% 7
\BOOKMARK [1][-]{section.2.4}{Radial Quantisation}{chapter.2}% 8
\BOOKMARK [1][-]{section.2.5}{State-operator correspondence}{chapter.2}% 9
\BOOKMARK [1][-]{section.2.6}{Correlation functions}{chapter.2}% 10
\BOOKMARK [2][-]{subsection.2.6.1}{Two-point function\(Propagator\)}{section.2.6}% 11
\BOOKMARK [2][-]{subsection.2.6.2}{Three-point function}{section.2.6}% 12
\BOOKMARK [0][-]{chapter.3}{Skeleton Expansion}{}% 13
\BOOKMARK [1][-]{section.3.1}{Feynman Diagram for 3 theory}{chapter.3}% 14
\BOOKMARK [1][-]{section.3.2}{Skeleton Diagram}{chapter.3}% 15
\BOOKMARK [1][-]{section.3.3}{Star-Triangle Formula}{chapter.3}% 16
\BOOKMARK [1][-]{section.3.4}{Vertex Correction}{chapter.3}% 17
\BOOKMARK [1][-]{section.3.5}{Tree-Level calculaitons}{chapter.3}% 18
\BOOKMARK [2][-]{subsection.3.5.1}{O\(1\) calculation}{section.3.5}% 19
\BOOKMARK [2][-]{subsection.3.5.2}{O\(g2\) Calculations}{section.3.5}% 20
\BOOKMARK [2][-]{subsection.3.5.3}{O\(g4\) Calculations}{section.3.5}% 21
\BOOKMARK [0][-]{chapter.4}{Conformal Block Decomposition}{}% 22
\BOOKMARK [1][-]{section.4.1}{Operator Product Expansion}{chapter.4}% 23
\BOOKMARK [1][-]{section.4.2}{Conformal Blocks}{chapter.4}% 24
\BOOKMARK [1][-]{section.4.3}{Conformal Block Decomposition}{chapter.4}% 25
\BOOKMARK [2][-]{subsection.4.3.1}{Tree-level}{section.4.3}% 26
\BOOKMARK [2][-]{subsection.4.3.2}{First order calculations}{section.4.3}% 27
\BOOKMARK [2][-]{subsection.4.3.3}{Second order calculations}{section.4.3}% 28
\BOOKMARK [0][-]{chapter.5}{Inversion Integral}{}% 29
\BOOKMARK [1][-]{section.5.1}{Conformal Bootstrap}{chapter.5}% 30
\BOOKMARK [1][-]{section.5.2}{Inversion Formula}{chapter.5}% 31
\BOOKMARK [2][-]{subsection.5.2.1}{Double Discontinuity}{section.5.2}% 32
\BOOKMARK [2][-]{subsection.5.2.2}{Integral}{section.5.2}% 33
\BOOKMARK [2][-]{subsection.5.2.3}{CFT data}{section.5.2}% 34
\BOOKMARK [1][-]{section.5.3}{Calculations}{chapter.5}% 35
\BOOKMARK [2][-]{subsection.5.3.1}{Using Skeleton Expansion}{section.5.3}% 36
\BOOKMARK [2][-]{subsection.5.3.2}{Using Conformal Bootstrap}{section.5.3}% 37
\BOOKMARK [0][-]{chapter.6}{Result Summary and Conclusion}{}% 38
\BOOKMARK [0][-]{chapter*.13}{Bibliography}{}% 39
